dbug: Microsoft.Extensions.Hosting.Internal.Host[1]
      Hosting starting
info: WorkflowCore.Services.WorkflowHost[0]
      Starting background tasks
info: Microsoft.Hosting.Lifetime[0]
      Application started. Press Ctrl+C to shut down.
info: Microsoft.Hosting.Lifetime[0]
      Hosting environment: Development
info: Microsoft.Hosting.Lifetime[0]
      Content root path: /app/RawFrontEndCode.Aggregator
dbug: Microsoft.Extensions.Hosting.Internal.Host[2]
      Hosting started
dbug: WorkflowCore.Services.WorkflowExecutor[0]
      Starting step EnvironmentSetupStep on workflow c2e7f6e0-13d5-4d81-901c-c0ef1c625ade
dbug: WorkflowCore.Services.WorkflowExecutor[0]
      Starting step GenerateOAuthTokenStep on workflow c2e7f6e0-13d5-4d81-901c-c0ef1c625ade
dbug: RawFrontEndCode.Aggregator.Workflows.Steps.GenerateOAuthTokenStep[0]
      Token Generated
dbug: WorkflowCore.Services.WorkflowExecutor[0]
      Starting step FetchPagesInProject on workflow c2e7f6e0-13d5-4d81-901c-c0ef1c625ade
dbug: RawFrontEndCode.Aggregator.Workflows.Steps.FetchPagesInProject[0]
      Trying to fetch pages in Project Id:1640
info: System.Net.Http.HttpClient.XamunApiHttpClient.LogicalHandler[100]
      Start processing HTTP request GET https://xamunapp-x-v2test.azurewebsites.net/service/api/CustomSelectedApplicationFeaturePagesAsync/GetApplicationFeaturePagesV2ForAgent/1640
info: System.Net.Http.HttpClient.XamunApiHttpClient.ClientHandler[100]
      Sending HTTP request GET https://xamunapp-x-v2test.azurewebsites.net/service/api/CustomSelectedApplicationFeaturePagesAsync/GetApplicationFeaturePagesV2ForAgent/1640
info: System.Net.Http.HttpClient.XamunApiHttpClient.ClientHandler[101]
      Received HTTP response headers after 542.1222ms - 200
info: System.Net.Http.HttpClient.XamunApiHttpClient.LogicalHandler[101]
      End processing HTTP request after 576.5057ms - 200
dbug: RawFrontEndCode.Aggregator.Workflows.Steps.FetchPagesInProject[0]
      Total 1 in project found
dbug: WorkflowCore.Services.WorkflowExecutor[0]
      Starting step GenerateOAuthTokenStep on workflow c2e7f6e0-13d5-4d81-901c-c0ef1c625ade
dbug: RawFrontEndCode.Aggregator.Workflows.Steps.GenerateOAuthTokenStep[0]
      Token Generated
dbug: WorkflowCore.Services.WorkflowExecutor[0]
      Starting step DownloadPageContentStep on workflow c2e7f6e0-13d5-4d81-901c-c0ef1c625ade
dbug: RawFrontEndCode.Aggregator.Workflows.Steps.DownloadPageContentStep[0]
      Trying to download source content of PageId: 21506
info: System.Net.Http.HttpClient.XamunApiHttpClient.LogicalHandler[100]
      Start processing HTTP request GET https://xamunapp-x-v2test.azurewebsites.net/service/api/XamiPageDesigner/GeneratedPage/1640/5615/21506
info: System.Net.Http.HttpClient.XamunApiHttpClient.ClientHandler[100]
      Sending HTTP request GET https://xamunapp-x-v2test.azurewebsites.net/service/api/XamiPageDesigner/GeneratedPage/1640/5615/21506
info: System.Net.Http.HttpClient.XamunApiHttpClient.ClientHandler[101]
      Received HTTP response headers after 540.0214ms - 200
info: System.Net.Http.HttpClient.XamunApiHttpClient.LogicalHandler[101]
      End processing HTTP request after 541.3948ms - 200
dbug: RawFrontEndCode.Aggregator.Workflows.Steps.DownloadPageContentStep[0]
      Content downloaded for PageId: 21506
dbug: RawFrontEndCode.Aggregator.Workflows.Steps.DownloadPageContentStep[0]
      Try to save source contents of PageId: 21506
dbug: RawFrontEndCode.Aggregator.Workflows.Steps.DownloadPageContentStep[0]
      Saved source contents of PageId: 21506
dbug: WorkflowCore.Services.WorkflowExecutor[0]
      Starting step GenerateOAuthTokenStep on workflow c2e7f6e0-13d5-4d81-901c-c0ef1c625ade
dbug: RawFrontEndCode.Aggregator.Workflows.Steps.GenerateOAuthTokenStep[0]
      Token Generated
dbug: WorkflowCore.Services.WorkflowExecutor[0]
      Starting step LoadSolutionSetupStep on workflow c2e7f6e0-13d5-4d81-901c-c0ef1c625ade
dbug: RawFrontEndCode.Aggregator.Workflows.Steps.LoadSolutionSetupStep[0]
      Trying to fetch solution setup in Project Id:1640
info: System.Net.Http.HttpClient.XamunApiHttpClient.LogicalHandler[100]
      Start processing HTTP request GET https://xamunapp-x-v2test.azurewebsites.net/service/api/CustomProjectPortfolioAsync/GetSolutionSetup/1640
info: System.Net.Http.HttpClient.XamunApiHttpClient.ClientHandler[100]
      Sending HTTP request GET https://xamunapp-x-v2test.azurewebsites.net/service/api/CustomProjectPortfolioAsync/GetSolutionSetup/1640
info: System.Net.Http.HttpClient.XamunApiHttpClient.ClientHandler[101]
      Received HTTP response headers after 79.4291ms - 200
info: System.Net.Http.HttpClient.XamunApiHttpClient.LogicalHandler[101]
      End processing HTTP request after 80.2834ms - 200
dbug: RawFrontEndCode.Aggregator.Workflows.Steps.LoadSolutionSetupStep[0]
      Successfully retrieve solution setup under project.
dbug: WorkflowCore.Services.WorkflowExecutor[0]
      Starting step GenerateOAuthTokenStep on workflow c2e7f6e0-13d5-4d81-901c-c0ef1c625ade
dbug: RawFrontEndCode.Aggregator.Workflows.Steps.GenerateOAuthTokenStep[0]
      Token Generated
dbug: WorkflowCore.Services.WorkflowExecutor[0]
      Starting step DownloadThemeConfig on workflow c2e7f6e0-13d5-4d81-901c-c0ef1c625ade
dbug: RawFrontEndCode.Aggregator.Workflows.Steps.DownloadThemeConfig[0]
      Trying to fetch theme config in Project Id:1640
info: System.Net.Http.HttpClient.XamunApiHttpClient.LogicalHandler[100]
      Start processing HTTP request GET https://xamunapp-x-v2test.azurewebsites.net/service/api/XamiPageDesigner/GetThemeConfig/1640/1
info: System.Net.Http.HttpClient.XamunApiHttpClient.ClientHandler[100]
      Sending HTTP request GET https://xamunapp-x-v2test.azurewebsites.net/service/api/XamiPageDesigner/GetThemeConfig/1640/1
info: System.Net.Http.HttpClient.XamunApiHttpClient.ClientHandler[101]
      Received HTTP response headers after 394.4981ms - 200
info: System.Net.Http.HttpClient.XamunApiHttpClient.LogicalHandler[101]
      End processing HTTP request after 406.8131ms - 200
dbug: RawFrontEndCode.Aggregator.Workflows.Steps.DownloadThemeConfig[0]
      Successfully retrieve theme config under project.
dbug: WorkflowCore.Services.WorkflowExecutor[0]
      Starting step PrepareFullPagesContent on workflow c2e7f6e0-13d5-4d81-901c-c0ef1c625ade
dbug: RawFrontEndCode.Aggregator.Workflows.Steps.PrepareFullPagesContent[0]
      Trying to complete page content of PageId: 21506
dbug: RawFrontEndCode.Aggregator.Workflows.Steps.PrepareFullPagesContent[0]
      Save complete code of PageId: 21506
dbug: WorkflowCore.Services.WorkflowExecutor[0]
      Starting step GenerateOAuthTokenStep on workflow c2e7f6e0-13d5-4d81-901c-c0ef1c625ade
dbug: RawFrontEndCode.Aggregator.Workflows.Steps.GenerateOAuthTokenStep[0]
      Token Generated
dbug: WorkflowCore.Services.WorkflowExecutor[0]
      Starting step DownloadMenuConfigurationStep on workflow c2e7f6e0-13d5-4d81-901c-c0ef1c625ade
dbug: RawFrontEndCode.Aggregator.Workflows.Steps.DownloadMenuConfigurationStep[0]
      Trying to save menu file Project Id:1640
info: System.Net.Http.HttpClient.XamunApiHttpClient.LogicalHandler[100]
      Start processing HTTP request GET https://xamunapp-x-v2test.azurewebsites.net/service/api/XamiPageDesigner/GetMenuItems/1640/1
info: System.Net.Http.HttpClient.XamunApiHttpClient.ClientHandler[100]
      Sending HTTP request GET https://xamunapp-x-v2test.azurewebsites.net/service/api/XamiPageDesigner/GetMenuItems/1640/1
info: System.Net.Http.HttpClient.XamunApiHttpClient.ClientHandler[101]
      Received HTTP response headers after 426.2221ms - 200
info: System.Net.Http.HttpClient.XamunApiHttpClient.LogicalHandler[101]
      End processing HTTP request after 429.3336ms - 200
dbug: WorkflowCore.Services.WorkflowExecutor[0]
      Starting step GenerateGlobalScssDesign on workflow c2e7f6e0-13d5-4d81-901c-c0ef1c625ade
warn: RawFrontEndCode.Aggregator.Workflows.Steps.GenerateGlobalScssDesign[0]
      Trying to generate Global SCSS file.
dbug: WorkflowCore.Services.WorkflowExecutor[0]
      Starting step SaveCodeGenerationMetadata on workflow c2e7f6e0-13d5-4d81-901c-c0ef1c625ade
dbug: RawFrontEndCode.Aggregator.Workflows.Steps.SaveCodeGenerationMetadata[0]
      Trying to save HTML code generation metadata
dbug: RawFrontEndCode.Aggregator.Workflows.Steps.SaveCodeGenerationMetadata[0]
      Creating metadata.
dbug: RawFrontEndCode.Aggregator.Workflows.Steps.SaveCodeGenerationMetadata[0]
      Saved HTML code generation metadata
info: RawFrontEndCode.Aggregator.Services.WorkflowMonitorService[0]
      Workflow HtmlPagesAggregatorWorkflow completed.
info: Microsoft.Hosting.Lifetime[0]
      Application is shutting down...
dbug: Microsoft.Extensions.Hosting.Internal.Host[3]
      Hosting stopping
info: WorkflowCore.Services.WorkflowHost[0]
      Stopping background tasks
info: WorkflowCore.Services.WorkflowHost[0]
      Worker tasks stopped
info: RawFrontEndCode.Aggregator.Services.WorkflowMonitorService[0]
      WorkflowHost stopped.
info: RawFrontEndCode.Aggregator.Services.WorkflowMonitorService[0]
      BackgroundService stopped.
dbug: Microsoft.Extensions.Hosting.Internal.Host[4]
      Hosting stopped

